  Button.cpp
  Entity.cpp
  Game.cpp
  GameState.cpp
  main.cpp
  MainMenuState.cpp
C:\Users\1stBuild\Desktop\gitolo\GitRemoteCon\oloProject\oloProject\MainMenuState.cpp(51,78): warning C4244: 'argument': conversion from 'T' to 'T', possible loss of data
C:\Users\1stBuild\Desktop\gitolo\GitRemoteCon\oloProject\oloProject\MainMenuState.cpp(51,78): warning C4244:         with
C:\Users\1stBuild\Desktop\gitolo\GitRemoteCon\oloProject\oloProject\MainMenuState.cpp(51,78): warning C4244:         [
C:\Users\1stBuild\Desktop\gitolo\GitRemoteCon\oloProject\oloProject\MainMenuState.cpp(51,78): warning C4244:             T=unsigned int
C:\Users\1stBuild\Desktop\gitolo\GitRemoteCon\oloProject\oloProject\MainMenuState.cpp(51,78): warning C4244:         ]
C:\Users\1stBuild\Desktop\gitolo\GitRemoteCon\oloProject\oloProject\MainMenuState.cpp(51,78): warning C4244:         and
C:\Users\1stBuild\Desktop\gitolo\GitRemoteCon\oloProject\oloProject\MainMenuState.cpp(51,78): warning C4244:         [
C:\Users\1stBuild\Desktop\gitolo\GitRemoteCon\oloProject\oloProject\MainMenuState.cpp(51,78): warning C4244:             T=float
C:\Users\1stBuild\Desktop\gitolo\GitRemoteCon\oloProject\oloProject\MainMenuState.cpp(51,78): warning C4244:         ]
C:\Users\1stBuild\Desktop\gitolo\GitRemoteCon\oloProject\oloProject\MainMenuState.cpp(51,57): warning C4244: 'argument': conversion from 'T' to 'T', possible loss of data
C:\Users\1stBuild\Desktop\gitolo\GitRemoteCon\oloProject\oloProject\MainMenuState.cpp(51,57): warning C4244:         with
C:\Users\1stBuild\Desktop\gitolo\GitRemoteCon\oloProject\oloProject\MainMenuState.cpp(51,57): warning C4244:         [
C:\Users\1stBuild\Desktop\gitolo\GitRemoteCon\oloProject\oloProject\MainMenuState.cpp(51,57): warning C4244:             T=unsigned int
C:\Users\1stBuild\Desktop\gitolo\GitRemoteCon\oloProject\oloProject\MainMenuState.cpp(51,57): warning C4244:         ]
C:\Users\1stBuild\Desktop\gitolo\GitRemoteCon\oloProject\oloProject\MainMenuState.cpp(51,57): warning C4244:         and
C:\Users\1stBuild\Desktop\gitolo\GitRemoteCon\oloProject\oloProject\MainMenuState.cpp(51,57): warning C4244:         [
C:\Users\1stBuild\Desktop\gitolo\GitRemoteCon\oloProject\oloProject\MainMenuState.cpp(51,57): warning C4244:             T=float
C:\Users\1stBuild\Desktop\gitolo\GitRemoteCon\oloProject\oloProject\MainMenuState.cpp(51,57): warning C4244:         ]
C:\Users\1stBuild\Desktop\gitolo\GitRemoteCon\oloProject\oloProject\MainMenuState.cpp(75,2): warning C4091: '': ignored on left of 'void' when no variable is declared
  State.cpp
  Generating code
  Previous IPDB not found, fall back to full compilation.
  All 537 functions were compiled because no usable IPDB/IOBJ from previous compilation was found.
  Finished generating code
  oloProject.vcxproj -> C:\Users\1stBuild\Desktop\gitolo\GitRemoteCon\oloProject\x64\Release\oloProject.exe
