  stdafx.cpp
  AnimationComponent.cpp
  AttributeComponent.cpp
  GraphicsSettings.cpp
  GUI.cpp
C:\Users\1stBuild\Desktop\gitolo\GitRemoteCon\oloProject\oloProject\GUI.cpp(425,25): warning C4267: '=': conversion from 'size_t' to 'int', possible loss of data
  (compiling source file '/GUI.cpp')
  
  EditorState.cpp
C:\Users\1stBuild\Desktop\gitolo\GitRemoteCon\oloProject\oloProject\ParticleBurst.h(3,5): warning C4091: '': ignored on left of 'sf::Drawable' when no variable is declared
  (compiling source file '/EditorState.cpp')
  
C:\Users\1stBuild\Desktop\gitolo\GitRemoteCon\oloProject\oloProject\ParticleBurst.h(4,5): warning C4091: '': ignored on left of 'sf::Transformable' when no variable is declared
  (compiling source file '/EditorState.cpp')
  
  Entity.cpp
C:\Users\1stBuild\Desktop\gitolo\GitRemoteCon\oloProject\oloProject\Entity.cpp(153,33): warning C4244: 'argument': conversion from 'T' to 'T', possible loss of data
C:\Users\1stBuild\Desktop\gitolo\GitRemoteCon\oloProject\oloProject\Entity.cpp(153,33): warning C4244:         with
C:\Users\1stBuild\Desktop\gitolo\GitRemoteCon\oloProject\oloProject\Entity.cpp(153,33): warning C4244:         [
C:\Users\1stBuild\Desktop\gitolo\GitRemoteCon\oloProject\oloProject\Entity.cpp(153,33): warning C4244:             T=float
C:\Users\1stBuild\Desktop\gitolo\GitRemoteCon\oloProject\oloProject\Entity.cpp(153,33): warning C4244:         ]
C:\Users\1stBuild\Desktop\gitolo\GitRemoteCon\oloProject\oloProject\Entity.cpp(153,33): warning C4244:         and
C:\Users\1stBuild\Desktop\gitolo\GitRemoteCon\oloProject\oloProject\Entity.cpp(153,33): warning C4244:         [
C:\Users\1stBuild\Desktop\gitolo\GitRemoteCon\oloProject\oloProject\Entity.cpp(153,33): warning C4244:             T=int
C:\Users\1stBuild\Desktop\gitolo\GitRemoteCon\oloProject\oloProject\Entity.cpp(153,33): warning C4244:         ]
  (compiling source file '/Entity.cpp')
  
C:\Users\1stBuild\Desktop\gitolo\GitRemoteCon\oloProject\oloProject\Entity.cpp(152,33): warning C4244: 'argument': conversion from 'T' to 'T', possible loss of data
C:\Users\1stBuild\Desktop\gitolo\GitRemoteCon\oloProject\oloProject\Entity.cpp(152,33): warning C4244:         with
C:\Users\1stBuild\Desktop\gitolo\GitRemoteCon\oloProject\oloProject\Entity.cpp(152,33): warning C4244:         [
C:\Users\1stBuild\Desktop\gitolo\GitRemoteCon\oloProject\oloProject\Entity.cpp(152,33): warning C4244:             T=float
C:\Users\1stBuild\Desktop\gitolo\GitRemoteCon\oloProject\oloProject\Entity.cpp(152,33): warning C4244:         ]
C:\Users\1stBuild\Desktop\gitolo\GitRemoteCon\oloProject\oloProject\Entity.cpp(152,33): warning C4244:         and
C:\Users\1stBuild\Desktop\gitolo\GitRemoteCon\oloProject\oloProject\Entity.cpp(152,33): warning C4244:         [
C:\Users\1stBuild\Desktop\gitolo\GitRemoteCon\oloProject\oloProject\Entity.cpp(152,33): warning C4244:             T=int
C:\Users\1stBuild\Desktop\gitolo\GitRemoteCon\oloProject\oloProject\Entity.cpp(152,33): warning C4244:         ]
  (compiling source file '/Entity.cpp')
  
  Game.cpp
C:\Users\1stBuild\Desktop\gitolo\GitRemoteCon\oloProject\oloProject\ParticleBurst.h(3,5): warning C4091: '': ignored on left of 'sf::Drawable' when no variable is declared
  (compiling source file '/Game.cpp')
  
C:\Users\1stBuild\Desktop\gitolo\GitRemoteCon\oloProject\oloProject\ParticleBurst.h(4,5): warning C4091: '': ignored on left of 'sf::Transformable' when no variable is declared
  (compiling source file '/Game.cpp')
  
  GameState.cpp
  HitboxComponent.cpp
  InteriorState.cpp
  Item.cpp
  main.cpp
C:\Users\1stBuild\Desktop\gitolo\GitRemoteCon\oloProject\oloProject\ParticleBurst.h(3,5): warning C4091: '': ignored on left of 'sf::Drawable' when no variable is declared
  (compiling source file '/main.cpp')
  
C:\Users\1stBuild\Desktop\gitolo\GitRemoteCon\oloProject\oloProject\ParticleBurst.h(4,5): warning C4091: '': ignored on left of 'sf::Transformable' when no variable is declared
  (compiling source file '/main.cpp')
  
  MainMenuState.cpp
C:\Users\1stBuild\Desktop\gitolo\GitRemoteCon\oloProject\oloProject\ParticleBurst.h(3,5): warning C4091: '': ignored on left of 'sf::Drawable' when no variable is declared
  (compiling source file '/MainMenuState.cpp')
  
C:\Users\1stBuild\Desktop\gitolo\GitRemoteCon\oloProject\oloProject\ParticleBurst.h(4,5): warning C4091: '': ignored on left of 'sf::Transformable' when no variable is declared
  (compiling source file '/MainMenuState.cpp')
  
  MeleeWeapon.cpp
  MovementComponent.cpp
  ParticleBurst.cpp
C:\Users\1stBuild\Desktop\gitolo\GitRemoteCon\oloProject\oloProject\ParticleBurst.h(3,5): warning C4091: '': ignored on left of 'sf::Drawable' when no variable is declared
  (compiling source file '/ParticleBurst.cpp')
  
C:\Users\1stBuild\Desktop\gitolo\GitRemoteCon\oloProject\oloProject\ParticleBurst.h(4,5): warning C4091: '': ignored on left of 'sf::Transformable' when no variable is declared
  (compiling source file '/ParticleBurst.cpp')
  
C:\Users\1stBuild\Desktop\gitolo\GitRemoteCon\oloProject\oloProject\ParticleBurst.cpp(19,14): warning C4244: 'initializing': conversion from 'double' to 'float', possible loss of data
  (compiling source file '/ParticleBurst.cpp')
  
  ParticleTrickle.cpp
C:\Users\1stBuild\Desktop\gitolo\GitRemoteCon\oloProject\oloProject\ParticleTrickle.cpp(59,57): warning C4244: 'argument': conversion from 'T' to 'T', possible loss of data
C:\Users\1stBuild\Desktop\gitolo\GitRemoteCon\oloProject\oloProject\ParticleTrickle.cpp(59,57): warning C4244:         with
C:\Users\1stBuild\Desktop\gitolo\GitRemoteCon\oloProject\oloProject\ParticleTrickle.cpp(59,57): warning C4244:         [
C:\Users\1stBuild\Desktop\gitolo\GitRemoteCon\oloProject\oloProject\ParticleTrickle.cpp(59,57): warning C4244:             T=unsigned int
C:\Users\1stBuild\Desktop\gitolo\GitRemoteCon\oloProject\oloProject\ParticleTrickle.cpp(59,57): warning C4244:         ]
C:\Users\1stBuild\Desktop\gitolo\GitRemoteCon\oloProject\oloProject\ParticleTrickle.cpp(59,57): warning C4244:         and
C:\Users\1stBuild\Desktop\gitolo\GitRemoteCon\oloProject\oloProject\ParticleTrickle.cpp(59,57): warning C4244:         [
C:\Users\1stBuild\Desktop\gitolo\GitRemoteCon\oloProject\oloProject\ParticleTrickle.cpp(59,57): warning C4244:             T=float
C:\Users\1stBuild\Desktop\gitolo\GitRemoteCon\oloProject\oloProject\ParticleTrickle.cpp(59,57): warning C4244:         ]
  (compiling source file '/ParticleTrickle.cpp')
  
C:\Users\1stBuild\Desktop\gitolo\GitRemoteCon\oloProject\oloProject\ParticleTrickle.cpp(60,68): warning C4244: 'argument': conversion from 'T' to 'T', possible loss of data
C:\Users\1stBuild\Desktop\gitolo\GitRemoteCon\oloProject\oloProject\ParticleTrickle.cpp(60,68): warning C4244:         with
C:\Users\1stBuild\Desktop\gitolo\GitRemoteCon\oloProject\oloProject\ParticleTrickle.cpp(60,68): warning C4244:         [
C:\Users\1stBuild\Desktop\gitolo\GitRemoteCon\oloProject\oloProject\ParticleTrickle.cpp(60,68): warning C4244:             T=unsigned int
C:\Users\1stBuild\Desktop\gitolo\GitRemoteCon\oloProject\oloProject\ParticleTrickle.cpp(60,68): warning C4244:         ]
C:\Users\1stBuild\Desktop\gitolo\GitRemoteCon\oloProject\oloProject\ParticleTrickle.cpp(60,68): warning C4244:         and
C:\Users\1stBuild\Desktop\gitolo\GitRemoteCon\oloProject\oloProject\ParticleTrickle.cpp(60,68): warning C4244:         [
C:\Users\1stBuild\Desktop\gitolo\GitRemoteCon\oloProject\oloProject\ParticleTrickle.cpp(60,68): warning C4244:             T=float
C:\Users\1stBuild\Desktop\gitolo\GitRemoteCon\oloProject\oloProject\ParticleTrickle.cpp(60,68): warning C4244:         ]
  (compiling source file '/ParticleTrickle.cpp')
  
C:\Users\1stBuild\Desktop\gitolo\GitRemoteCon\oloProject\oloProject\ParticleTrickle.cpp(60,57): warning C4244: 'argument': conversion from 'T' to 'T', possible loss of data
C:\Users\1stBuild\Desktop\gitolo\GitRemoteCon\oloProject\oloProject\ParticleTrickle.cpp(60,57): warning C4244:         with
C:\Users\1stBuild\Desktop\gitolo\GitRemoteCon\oloProject\oloProject\ParticleTrickle.cpp(60,57): warning C4244:         [
C:\Users\1stBuild\Desktop\gitolo\GitRemoteCon\oloProject\oloProject\ParticleTrickle.cpp(60,57): warning C4244:             T=unsigned int
C:\Users\1stBuild\Desktop\gitolo\GitRemoteCon\oloProject\oloProject\ParticleTrickle.cpp(60,57): warning C4244:         ]
C:\Users\1stBuild\Desktop\gitolo\GitRemoteCon\oloProject\oloProject\ParticleTrickle.cpp(60,57): warning C4244:         and
C:\Users\1stBuild\Desktop\gitolo\GitRemoteCon\oloProject\oloProject\ParticleTrickle.cpp(60,57): warning C4244:         [
C:\Users\1stBuild\Desktop\gitolo\GitRemoteCon\oloProject\oloProject\ParticleTrickle.cpp(60,57): warning C4244:             T=float
C:\Users\1stBuild\Desktop\gitolo\GitRemoteCon\oloProject\oloProject\ParticleTrickle.cpp(60,57): warning C4244:         ]
  (compiling source file '/ParticleTrickle.cpp')
  
C:\Users\1stBuild\Desktop\gitolo\GitRemoteCon\oloProject\oloProject\ParticleTrickle.cpp(61,60): warning C4244: 'argument': conversion from 'T' to 'T', possible loss of data
C:\Users\1stBuild\Desktop\gitolo\GitRemoteCon\oloProject\oloProject\ParticleTrickle.cpp(61,60): warning C4244:         with
C:\Users\1stBuild\Desktop\gitolo\GitRemoteCon\oloProject\oloProject\ParticleTrickle.cpp(61,60): warning C4244:         [
C:\Users\1stBuild\Desktop\gitolo\GitRemoteCon\oloProject\oloProject\ParticleTrickle.cpp(61,60): warning C4244:             T=unsigned int
C:\Users\1stBuild\Desktop\gitolo\GitRemoteCon\oloProject\oloProject\ParticleTrickle.cpp(61,60): warning C4244:         ]
C:\Users\1stBuild\Desktop\gitolo\GitRemoteCon\oloProject\oloProject\ParticleTrickle.cpp(61,60): warning C4244:         and
C:\Users\1stBuild\Desktop\gitolo\GitRemoteCon\oloProject\oloProject\ParticleTrickle.cpp(61,60): warning C4244:         [
C:\Users\1stBuild\Desktop\gitolo\GitRemoteCon\oloProject\oloProject\ParticleTrickle.cpp(61,60): warning C4244:             T=float
C:\Users\1stBuild\Desktop\gitolo\GitRemoteCon\oloProject\oloProject\ParticleTrickle.cpp(61,60): warning C4244:         ]
  (compiling source file '/ParticleTrickle.cpp')
  
C:\Users\1stBuild\Desktop\gitolo\GitRemoteCon\oloProject\oloProject\ParticleTrickle.cpp(124,61): warning C4244: 'argument': conversion from 'T' to 'T', possible loss of data
C:\Users\1stBuild\Desktop\gitolo\GitRemoteCon\oloProject\oloProject\ParticleTrickle.cpp(124,61): warning C4244:         with
C:\Users\1stBuild\Desktop\gitolo\GitRemoteCon\oloProject\oloProject\ParticleTrickle.cpp(124,61): warning C4244:         [
C:\Users\1stBuild\Desktop\gitolo\GitRemoteCon\oloProject\oloProject\ParticleTrickle.cpp(124,61): warning C4244:             T=unsigned int
C:\Users\1stBuild\Desktop\gitolo\GitRemoteCon\oloProject\oloProject\ParticleTrickle.cpp(124,61): warning C4244:         ]
C:\Users\1stBuild\Desktop\gitolo\GitRemoteCon\oloProject\oloProject\ParticleTrickle.cpp(124,61): warning C4244:         and
C:\Users\1stBuild\Desktop\gitolo\GitRemoteCon\oloProject\oloProject\ParticleTrickle.cpp(124,61): warning C4244:         [
C:\Users\1stBuild\Desktop\gitolo\GitRemoteCon\oloProject\oloProject\ParticleTrickle.cpp(124,61): warning C4244:             T=float
C:\Users\1stBuild\Desktop\gitolo\GitRemoteCon\oloProject\oloProject\ParticleTrickle.cpp(124,61): warning C4244:         ]
  (compiling source file '/ParticleTrickle.cpp')
  
C:\Users\1stBuild\Desktop\gitolo\GitRemoteCon\oloProject\oloProject\ParticleTrickle.cpp(125,72): warning C4244: 'argument': conversion from 'T' to 'T', possible loss of data
C:\Users\1stBuild\Desktop\gitolo\GitRemoteCon\oloProject\oloProject\ParticleTrickle.cpp(125,72): warning C4244:         with
C:\Users\1stBuild\Desktop\gitolo\GitRemoteCon\oloProject\oloProject\ParticleTrickle.cpp(125,72): warning C4244:         [
C:\Users\1stBuild\Desktop\gitolo\GitRemoteCon\oloProject\oloProject\ParticleTrickle.cpp(125,72): warning C4244:             T=unsigned int
C:\Users\1stBuild\Desktop\gitolo\GitRemoteCon\oloProject\oloProject\ParticleTrickle.cpp(125,72): warning C4244:         ]
C:\Users\1stBuild\Desktop\gitolo\GitRemoteCon\oloProject\oloProject\ParticleTrickle.cpp(125,72): warning C4244:         and
C:\Users\1stBuild\Desktop\gitolo\GitRemoteCon\oloProject\oloProject\ParticleTrickle.cpp(125,72): warning C4244:         [
C:\Users\1stBuild\Desktop\gitolo\GitRemoteCon\oloProject\oloProject\ParticleTrickle.cpp(125,72): warning C4244:             T=float
C:\Users\1stBuild\Desktop\gitolo\GitRemoteCon\oloProject\oloProject\ParticleTrickle.cpp(125,72): warning C4244:         ]
  (compiling source file '/ParticleTrickle.cpp')
  
C:\Users\1stBuild\Desktop\gitolo\GitRemoteCon\oloProject\oloProject\ParticleTrickle.cpp(125,61): warning C4244: 'argument': conversion from 'T' to 'T', possible loss of data
C:\Users\1stBuild\Desktop\gitolo\GitRemoteCon\oloProject\oloProject\ParticleTrickle.cpp(125,61): warning C4244:         with
C:\Users\1stBuild\Desktop\gitolo\GitRemoteCon\oloProject\oloProject\ParticleTrickle.cpp(125,61): warning C4244:         [
C:\Users\1stBuild\Desktop\gitolo\GitRemoteCon\oloProject\oloProject\ParticleTrickle.cpp(125,61): warning C4244:             T=unsigned int
C:\Users\1stBuild\Desktop\gitolo\GitRemoteCon\oloProject\oloProject\ParticleTrickle.cpp(125,61): warning C4244:         ]
C:\Users\1stBuild\Desktop\gitolo\GitRemoteCon\oloProject\oloProject\ParticleTrickle.cpp(125,61): warning C4244:         and
C:\Users\1stBuild\Desktop\gitolo\GitRemoteCon\oloProject\oloProject\ParticleTrickle.cpp(125,61): warning C4244:         [
C:\Users\1stBuild\Desktop\gitolo\GitRemoteCon\oloProject\oloProject\ParticleTrickle.cpp(125,61): warning C4244:             T=float
C:\Users\1stBuild\Desktop\gitolo\GitRemoteCon\oloProject\oloProject\ParticleTrickle.cpp(125,61): warning C4244:         ]
  (compiling source file '/ParticleTrickle.cpp')
  
C:\Users\1stBuild\Desktop\gitolo\GitRemoteCon\oloProject\oloProject\ParticleTrickle.cpp(126,64): warning C4244: 'argument': conversion from 'T' to 'T', possible loss of data
C:\Users\1stBuild\Desktop\gitolo\GitRemoteCon\oloProject\oloProject\ParticleTrickle.cpp(126,64): warning C4244:         with
C:\Users\1stBuild\Desktop\gitolo\GitRemoteCon\oloProject\oloProject\ParticleTrickle.cpp(126,64): warning C4244:         [
C:\Users\1stBuild\Desktop\gitolo\GitRemoteCon\oloProject\oloProject\ParticleTrickle.cpp(126,64): warning C4244:             T=unsigned int
C:\Users\1stBuild\Desktop\gitolo\GitRemoteCon\oloProject\oloProject\ParticleTrickle.cpp(126,64): warning C4244:         ]
C:\Users\1stBuild\Desktop\gitolo\GitRemoteCon\oloProject\oloProject\ParticleTrickle.cpp(126,64): warning C4244:         and
C:\Users\1stBuild\Desktop\gitolo\GitRemoteCon\oloProject\oloProject\ParticleTrickle.cpp(126,64): warning C4244:         [
C:\Users\1stBuild\Desktop\gitolo\GitRemoteCon\oloProject\oloProject\ParticleTrickle.cpp(126,64): warning C4244:             T=float
C:\Users\1stBuild\Desktop\gitolo\GitRemoteCon\oloProject\oloProject\ParticleTrickle.cpp(126,64): warning C4244:         ]
  (compiling source file '/ParticleTrickle.cpp')
  
  PauseMenu.cpp
  Player.cpp
  PlayerGUI.cpp
  Generating Code...
C:\Users\1stBuild\Desktop\gitolo\GitRemoteCon\oloProject\oloProject\GUI.cpp(490,1): warning C4172: returning address of local variable or temporary 
  Compiling...
  SettingsState.cpp
  State.cpp
  Tile.cpp
  TileMap.cpp
  TransitionComponent.cpp
  Generating Code...
  oloProject.vcxproj -> C:\Users\1stBuild\Desktop\gitolo\GitRemoteCon\oloProject\x64\Debug\oloProject.exe

Project Performance Summary:
     2460 ms  C:\Users\1stBuild\Desktop\gitolo\GitRemoteCon\oloProject\oloProject\oloProject.vcxproj   1 calls
               2460 ms  Rebuild                                    1 calls

Target Performance Summary:
        0 ms  Rebuild                                    1 calls
        0 ms  ComputeRCOutputs                           1 calls
        0 ms  BeforeLink                                 1 calls
        0 ms  ComputeLegacyManifestEmbedding             1 calls
        0 ms  BuildLinkTraverse                          1 calls
        0 ms  BuildCompile                               1 calls
        0 ms  _BuildCompileAction                        1 calls
        0 ms  AfterBuildCompileEvent                     1 calls
        0 ms  _ResourceCompile                           1 calls
        0 ms  AfterResourceCompile                       1 calls
        0 ms  _GetCopyToOutputDirectoryItemsFromThisProject   1 calls
        0 ms  BeforeResourceCompile                      1 calls
        0 ms  ComputeRCGeneratedLinkInputs               1 calls
        0 ms  _ClCompile                                 1 calls
        0 ms  AfterRebuild                               1 calls
        0 ms  SelectClCompile                            1 calls
        0 ms  MakeDirsForCl                              1 calls
        0 ms  _CopySourceItemsToOutputDirectory          1 calls
        0 ms  ComputeStdModulesCompileInputs             1 calls
        0 ms  _CheckForCompileOutputs                    1 calls
        0 ms  CopyFilesToOutputDirectory                 1 calls
        0 ms  GetReferencedVCProjectsInfo                1 calls
        0 ms  FindReferenceAssembliesForReferences       1 calls
        0 ms  ComputeCLInputPDBName                      1 calls
        0 ms  BeforeClCompile                            1 calls
        0 ms  AfterClCompile                             1 calls
        0 ms  ComputeManifestGeneratedLinkerInputs       1 calls
        0 ms  _GetCopyToOutputDirectoryItemsFromTransitiveProjectReferences   1 calls
        0 ms  ComputeCLGeneratedLinkInputs               1 calls
        0 ms  SatelliteDllsProjectOutputGroup            1 calls
        0 ms  BuiltProjectOutputGroup                    1 calls
        0 ms  _BscMake                                   1 calls
        0 ms  MakeDirsForBscMake                         1 calls
        0 ms  _GenerateSatelliteAssemblyInputs           1 calls
        0 ms  _XdcMake                                   1 calls
        0 ms  MakeDirsForXdcMake                         1 calls
        0 ms  ComputeCLCompileGeneratedXDCFiles          1 calls
        0 ms  ResolvedXDCMake                            1 calls
        0 ms  CreateSatelliteAssemblies                  1 calls
        0 ms  _Manifest                                  1 calls
        0 ms  _ALink                                     1 calls
        0 ms  _Link                                      1 calls
        0 ms  AfterLink                                  1 calls
        0 ms  _Appverifier                               1 calls
        0 ms  ComputeLinkSwitches                        1 calls
        0 ms  PreLinkEvent                               1 calls
        0 ms  DoLinkOutputFilesMatch                     1 calls
        0 ms  MakeDirsForLink                            1 calls
        0 ms  PrepareResourceNames                       1 calls
        0 ms  CreateCustomManifestResourceNames          1 calls
        0 ms  _PopulateCommonStateForGetCopyToOutputDirectoryItems   1 calls
        0 ms  GetCopyToOutputDirectoryXamlAppDefs        1 calls
        0 ms  ComputeManifestInputsTargets               1 calls
        0 ms  ComputeLinkInputsFromProject               1 calls
        0 ms  BuildCompileTraverse                       1 calls
        0 ms  MakeDirsForFxc                             1 calls
        0 ms  BuildGenerateSources                       1 calls
        0 ms  AfterBuildGenerateSourcesEvent             1 calls
        0 ms  ResolveProjectReferences                   1 calls
        0 ms  BeforeResolveReferences                    1 calls
        0 ms  _PrepareForReferenceResolution             1 calls
        0 ms  _PrepareForBuild                           1 calls
        0 ms  Clean                                      1 calls
        0 ms  CppClean                                   1 calls
        0 ms  AfterBuild                                 1 calls
        0 ms  AfterCppClean                              1 calls
        0 ms  IncrementalClean                           1 calls
        0 ms  BeforeCppClean                             1 calls
        0 ms  AfterClean                                 1 calls
        0 ms  CleanPublishFolder                         1 calls
        0 ms  CleanReferencedProjects                    1 calls
        0 ms  PrepareProjectReferences                   1 calls
        0 ms  _GetProjectReferenceTargetFrameworkProperties   1 calls
        0 ms  _AddOutputPathToGlobalPropertiesToRemove   1 calls
        0 ms  AssignProjectConfiguration                 1 calls
        0 ms  IgnoreJavaScriptOutputAssembly             1 calls
        0 ms  BeforeClean                                1 calls
        0 ms  _PrepareForClean                           1 calls
        0 ms  BeforeRebuild                              1 calls
        0 ms  _PrepareForRebuild                         1 calls
        0 ms  Build                                      1 calls
        0 ms  GetFrameworkPaths                          1 calls
        0 ms  _BuildGenerateSourcesAction                1 calls
        0 ms  GetReferenceAssemblyPaths                  1 calls
        0 ms  _SelectedFiles                             1 calls
        0 ms  AfterMidl                                  1 calls
        0 ms  _Xsd                                       1 calls
        0 ms  _Midl                                      1 calls
        0 ms  AfterBuildGenerateSources                  1 calls
        0 ms  PrepareForRun                              1 calls
        0 ms  ComputeCustomBuildOutput                   1 calls
        0 ms  SelectCustomBuild                          1 calls
        0 ms  AddExternalIncludDirectoriesToPaths        1 calls
        0 ms  PreBuildEvent                              1 calls
        0 ms  BeforeBuildGenerateSources                 1 calls
        0 ms  BuildGenerateSourcesTraverse               1 calls
        0 ms  PostBuildEvent                             1 calls
        0 ms  ResolveReferences                          1 calls
        0 ms  AfterResolveReferences                     1 calls
        0 ms  ResolveAssemblyReferences                  1 calls
        0 ms  ExpandSDKReferences                        1 calls
        0 ms  _BuildLinkAction                           1 calls
        0 ms  BuildLink                                  1 calls
        0 ms  SetCABuildNativeEnvironmentVariables       1 calls
        0 ms  _CheckWindowsSDKInstalled                  1 calls
        0 ms  GetResolvedWinMD                           1 calls
        0 ms  MakeDirsForMidl                            1 calls
        0 ms  ComputeMIDLGeneratedCompileInputs          1 calls
        0 ms  SetBuildDefaultEnvironmentVariables        1 calls
        0 ms  FinalizeBuildStatus                        1 calls
        0 ms  _SplitProjectReferencesByFileExistence     1 calls
        0 ms  CopyFileToFolders                          1 calls
        0 ms  ContentFilesProjectOutputGroup             1 calls
        0 ms  _CheckForInvalidConfigurationAndPlatform   1 calls
        0 ms  SetTelemetryEnvironmentVariables           1 calls
        0 ms  ComputeCLCompileGeneratedSbrFiles          1 calls
        0 ms  ComputeReferenceCLInput                    1 calls
        1 ms  CreateRecipeFile                           1 calls
        1 ms  RegisterOutput                             1 calls
        1 ms  CustomBuild                                1 calls
        1 ms  _Deploy                                    1 calls
        1 ms  PGInstrumentedClean                        1 calls
        1 ms  GetCopyToOutputDirectoryItems              1 calls
        1 ms  MakeDirsForResourceCompile                 1 calls
        1 ms  SplitResourcesByCulture                    1 calls
        1 ms  TlogCleanup                                1 calls
        1 ms  WarnCompileDuplicatedFilename              1 calls
        1 ms  CoreClean                                  1 calls
        1 ms  PrepareForBuild                            1 calls
        1 ms  ResolveSDKReferences                       1 calls
        1 ms  InitializeBuildStatus                      1 calls
        1 ms  _CleanGetCurrentAndPriorFileWrites         1 calls
        1 ms  AssignTargetPaths                          1 calls
        1 ms  CoreCppClean                               1 calls
        2 ms  ComputeCLOutputs                           1 calls
        5 ms  FixupCLCompileOptions                      1 calls
      139 ms  Link                                       1 calls
     2294 ms  ClCompile                                  1 calls

Task Performance Summary:
        0 ms  Message                                    3 calls
        0 ms  VCMessage                                  1 calls
        0 ms  CheckVCToolsetVersion                      1 calls
        0 ms  ConvertToAbsolutePath                      1 calls
        0 ms  SetRidAgnosticValueForProjects             1 calls
        0 ms  MSBuild                                    1 calls
        0 ms  AssignCulture                              1 calls
        0 ms  AssignProjectConfiguration                 1 calls
        0 ms  GenerateDesktopDeployRecipe                1 calls
        0 ms  RemoveDuplicates                           3 calls
        0 ms  ReadLinesFromFile                          3 calls
        0 ms  AssignTargetPath                           7 calls
        0 ms  SetEnv                                    11 calls
        0 ms  Delete                                     6 calls
        0 ms  GetOutOfDateItems                          3 calls
        1 ms  Touch                                      2 calls
        1 ms  CallTarget                                 2 calls
        1 ms  WriteLinesToFile                           3 calls
        1 ms  CleanupStaleTlogItems                      1 calls
        1 ms  FindUnderPath                              7 calls
        1 ms  MakeDir                                   12 calls
        1 ms  CppClean                                   1 calls
      137 ms  Link                                       1 calls
     2291 ms  CL                                         2 calls
