c:\users\1stbuild\desktop\gitolo\gitremotecon\oloproject\oloproject\x64\debug\vc143.pdb
c:\users\1stbuild\desktop\gitolo\gitremotecon\oloproject\oloproject\x64\debug\vc143.idb
c:\users\1stbuild\desktop\gitolo\gitremotecon\oloproject\oloproject\x64\debug\state.obj
c:\users\1stbuild\desktop\gitolo\gitremotecon\oloproject\oloproject\x64\debug\main.obj
c:\users\1stbuild\desktop\gitolo\gitremotecon\oloproject\oloproject\x64\debug\game.obj
c:\users\1stbuild\desktop\gitolo\gitremotecon\oloproject\oloproject\x64\debug\gamestate.obj
c:\users\1stbuild\desktop\gitolo\gitremotecon\oloproject\oloproject\x64\debug\entity.obj
c:\users\1stbuild\desktop\gitolo\gitremotecon\oloproject\oloproject\x64\debug\mainmenustate.obj
c:\users\1stbuild\desktop\gitolo\gitremotecon\oloproject\oloproject\x64\debug\button.obj
c:\users\1stbuild\desktop\gitolo\gitremotecon\oloproject\oloproject\x64\debug\player.obj
c:\users\1stbuild\desktop\gitolo\gitremotecon\oloproject\x64\debug\oloproject.exe
c:\users\1stbuild\desktop\gitolo\gitremotecon\oloproject\x64\debug\oloproject.pdb
c:\users\1stbuild\desktop\gitolo\gitremotecon\oloproject\oloproject\x64\debug\oloproject.ilk
c:\users\1stbuild\desktop\gitolo\gitremotecon\oloproject\oloproject\x64\debug\oloproject.tlog\cl.command.1.tlog
c:\users\1stbuild\desktop\gitolo\gitremotecon\oloproject\oloproject\x64\debug\oloproject.tlog\cl.items.tlog
c:\users\1stbuild\desktop\gitolo\gitremotecon\oloproject\oloproject\x64\debug\oloproject.tlog\cl.read.1.tlog
c:\users\1stbuild\desktop\gitolo\gitremotecon\oloproject\oloproject\x64\debug\oloproject.tlog\cl.write.1.tlog
c:\users\1stbuild\desktop\gitolo\gitremotecon\oloproject\oloproject\x64\debug\oloproject.tlog\link.command.1.tlog
c:\users\1stbuild\desktop\gitolo\gitremotecon\oloproject\oloproject\x64\debug\oloproject.tlog\link.read.1.tlog
c:\users\1stbuild\desktop\gitolo\gitremotecon\oloproject\oloproject\x64\debug\oloproject.tlog\link.secondary.1.tlog
c:\users\1stbuild\desktop\gitolo\gitremotecon\oloproject\oloproject\x64\debug\oloproject.tlog\link.write.1.tlog
